TN:
SF:controllers\admin-controller.js
FN:3,(anonymous_0)
FN:25,(anonymous_1)
FNF:2
FNH:0
FNDA:0,(anonymous_0)
FNDA:0,(anonymous_1)
DA:1,0
DA:3,0
DA:5,0
DA:6,0
DA:7,0
DA:11,0
DA:12,0
DA:14,0
DA:18,0
DA:20,0
DA:21,0
DA:25,0
DA:27,0
DA:28,0
DA:30,0
DA:33,0
DA:35,0
DA:40,0
DA:41,0
DA:43,0
DA:46,0
DA:47,0
DA:48,0
DA:51,0
DA:52,0
DA:55,0
DA:58,0
LF:27
LH:0
BRDA:6,0,0,0
BRDA:6,0,1,0
BRDA:12,1,0,0
BRDA:12,1,1,0
BRDA:28,2,0,0
BRDA:28,2,1,0
BRDA:28,3,0,0
BRDA:28,3,1,0
BRDA:33,4,0,0
BRDA:33,4,1,0
BRDA:41,5,0,0
BRDA:41,5,1,0
BRF:12
BRH:0
end_of_record
TN:
SF:controllers\comment-controller.js
FN:6,(anonymous_0)
FN:51,(anonymous_1)
FN:83,(anonymous_2)
FN:123,(anonymous_3)
FN:137,(anonymous_4)
FNF:5
FNH:0
FNDA:0,(anonymous_0)
FNDA:0,(anonymous_1)
FNDA:0,(anonymous_2)
FNDA:0,(anonymous_3)
FNDA:0,(anonymous_4)
DA:2,0
DA:3,0
DA:6,0
DA:7,0
DA:8,0
DA:9,0
DA:11,0
DA:12,0
DA:14,0
DA:15,0
DA:18,0
DA:20,0
DA:21,0
DA:22,0
DA:27,0
DA:29,0
DA:31,0
DA:37,0
DA:38,0
DA:39,0
DA:40,0
DA:43,0
DA:46,0
DA:51,0
DA:53,0
DA:55,0
DA:56,0
DA:59,0
DA:60,0
DA:61,0
DA:65,0
DA:66,0
DA:69,0
DA:70,0
DA:73,0
DA:83,0
DA:85,0
DA:87,0
DA:88,0
DA:90,0
DA:91,0
DA:92,0
DA:94,0
DA:98,0
DA:99,0
DA:103,0
DA:104,0
DA:107,0
DA:109,0
DA:110,0
DA:112,0
DA:116,0
DA:123,0
DA:125,0
DA:127,0
DA:129,0
DA:130,0
DA:133,0
DA:137,0
DA:138,0
DA:139,0
DA:140,0
DA:142,0
DA:143,0
DA:144,0
DA:146,0
DA:149,0
DA:150,0
DA:153,0
LF:69
LH:0
BRDA:8,0,0,0
BRDA:8,0,1,0
BRDA:8,1,0,0
BRDA:8,1,1,0
BRDA:11,2,0,0
BRDA:11,2,1,0
BRDA:11,3,0,0
BRDA:11,3,1,0
BRDA:14,4,0,0
BRDA:14,4,1,0
BRDA:21,5,0,0
BRDA:21,5,1,0
BRDA:55,6,0,0
BRDA:55,6,1,0
BRDA:60,7,0,0
BRDA:60,7,1,0
BRDA:65,8,0,0
BRDA:65,8,1,0
BRDA:87,9,0,0
BRDA:87,9,1,0
BRDA:91,10,0,0
BRDA:91,10,1,0
BRDA:91,11,0,0
BRDA:91,11,1,0
BRDA:98,12,0,0
BRDA:98,12,1,0
BRDA:103,13,0,0
BRDA:103,13,1,0
BRDA:139,14,0,0
BRDA:139,14,1,0
BRDA:143,15,0,0
BRDA:143,15,1,0
BRF:32
BRH:0
end_of_record
TN:
SF:controllers\follow-controller.js
FN:6,(anonymous_0)
FN:26,(anonymous_1)
FN:30,(anonymous_2)
FN:39,(anonymous_3)
FNF:4
FNH:0
FNDA:0,(anonymous_0)
FNDA:0,(anonymous_1)
FNDA:0,(anonymous_2)
FNDA:0,(anonymous_3)
DA:1,0
DA:2,0
DA:3,0
DA:6,0
DA:7,0
DA:8,0
DA:10,0
DA:11,0
DA:12,0
DA:14,0
DA:15,0
DA:16,0
DA:17,0
DA:18,0
DA:20,0
DA:21,0
DA:22,0
DA:26,0
DA:28,0
DA:29,0
DA:30,0
DA:31,0
DA:32,0
DA:33,0
DA:39,0
DA:41,0
DA:42,0
DA:43,0
DA:44,0
DA:47,0
DA:48,0
DA:50,0
DA:51,0
DA:55,0
LF:34
LH:0
BRDA:7,0,0,0
BRDA:7,0,1,0
BRDA:11,1,0,0
BRDA:11,1,1,0
BRDA:16,2,0,0
BRDA:16,2,1,0
BRDA:31,3,0,0
BRDA:31,3,1,0
BRDA:43,4,0,0
BRDA:43,4,1,0
BRF:10
BRH:0
end_of_record
TN:
SF:controllers\jwt-controller.js
FN:5,authenticateToken
FN:13,(anonymous_1)
FN:31,createNewToken
FN:39,(anonymous_3)
FNF:4
FNH:0
FNDA:0,authenticateToken
FNDA:0,(anonymous_1)
FNDA:0,createNewToken
FNDA:0,(anonymous_3)
DA:1,0
DA:2,0
DA:6,0
DA:10,0
DA:11,0
DA:13,0
DA:14,0
DA:16,0
DA:17,0
DA:19,0
DA:22,0
DA:25,0
DA:33,0
DA:34,0
DA:35,0
DA:36,0
DA:39,0
DA:40,0
DA:41,0
DA:42,0
DA:43,0
DA:47,0
LF:22
LH:0
BRDA:10,0,0,0
BRDA:10,0,1,0
BRDA:11,1,0,0
BRDA:11,1,1,0
BRDA:14,2,0,0
BRDA:14,2,1,0
BRDA:16,3,0,0
BRDA:16,3,1,0
BRDA:34,4,0,0
BRDA:34,4,1,0
BRDA:35,5,0,0
BRDA:35,5,1,0
BRDA:40,6,0,0
BRDA:40,6,1,0
BRF:14
BRH:0
end_of_record
TN:
SF:controllers\like-controller.js
FN:7,(anonymous_0)
FN:41,(anonymous_1)
FN:63,(anonymous_2)
FN:66,(anonymous_3)
FN:78,(anonymous_4)
FN:92,(anonymous_5)
FN:104,(anonymous_6)
FNF:7
FNH:0
FNDA:0,(anonymous_0)
FNDA:0,(anonymous_1)
FNDA:0,(anonymous_2)
FNDA:0,(anonymous_3)
FNDA:0,(anonymous_4)
FNDA:0,(anonymous_5)
FNDA:0,(anonymous_6)
DA:1,0
DA:2,0
DA:3,0
DA:4,0
DA:7,0
DA:9,0
DA:10,0
DA:11,0
DA:14,0
DA:15,0
DA:16,0
DA:19,0
DA:20,0
DA:21,0
DA:25,0
DA:26,0
DA:27,0
DA:29,0
DA:30,0
DA:34,0
DA:35,0
DA:41,0
DA:42,0
DA:43,0
DA:45,0
DA:46,0
DA:49,0
DA:50,0
DA:52,0
DA:53,0
DA:57,0
DA:58,0
DA:59,0
DA:63,0
DA:66,0
DA:67,0
DA:70,0
DA:73,0
DA:78,0
DA:79,0
DA:80,0
DA:81,0
DA:83,0
DA:85,0
DA:88,0
DA:92,0
DA:93,0
DA:94,0
DA:95,0
DA:98,0
DA:100,0
DA:101,0
DA:103,0
DA:104,0
DA:105,0
DA:107,0
DA:110,0
DA:111,0
DA:114,0
LF:59
LH:0
BRDA:10,0,0,0
BRDA:10,0,1,0
BRDA:15,1,0,0
BRDA:15,1,1,0
BRDA:20,2,0,0
BRDA:20,2,1,0
BRDA:42,3,0,0
BRDA:42,3,1,0
BRDA:49,4,0,0
BRDA:49,4,1,0
BRDA:52,5,0,0
BRDA:52,5,1,0
BRDA:58,6,0,0
BRDA:58,6,1,0
BRDA:80,7,0,0
BRDA:80,7,1,0
BRDA:94,8,0,0
BRDA:94,8,1,0
BRDA:100,9,0,0
BRDA:100,9,1,0
BRF:20
BRH:0
end_of_record
TN:
SF:controllers\post-controller.js
FN:5,(anonymous_0)
FN:40,(anonymous_1)
FN:83,(anonymous_2)
FN:134,(anonymous_3)
FN:149,(anonymous_4)
FNF:5
FNH:0
FNDA:0,(anonymous_0)
FNDA:0,(anonymous_1)
FNDA:0,(anonymous_2)
FNDA:0,(anonymous_3)
FNDA:0,(anonymous_4)
DA:1,0
DA:2,0
DA:5,0
DA:7,0
DA:8,0
DA:9,0
DA:11,0
DA:12,0
DA:14,0
DA:15,0
DA:18,0
DA:19,0
DA:22,0
DA:29,0
DA:30,0
DA:33,0
DA:34,0
DA:40,0
DA:42,0
DA:44,0
DA:45,0
DA:48,0
DA:51,0
DA:52,0
DA:56,0
DA:58,0
DA:64,0
DA:67,0
DA:73,0
DA:74,0
DA:83,0
DA:85,0
DA:86,0
DA:87,0
DA:90,0
DA:95,0
DA:96,0
DA:100,0
DA:101,0
DA:104,0
DA:110,0
DA:111,0
DA:117,0
DA:118,0
DA:119,0
DA:121,0
DA:123,0
DA:125,0
DA:126,0
DA:130,0
DA:134,0
DA:135,0
DA:136,0
DA:137,0
DA:138,0
DA:140,0
DA:142,0
DA:143,0
DA:149,0
DA:151,0
DA:152,0
DA:154,0
DA:155,0
DA:156,0
DA:157,0
DA:159,0
DA:161,0
DA:163,0
DA:164,0
DA:166,0
DA:169,0
LF:71
LH:0
BRDA:8,0,0,0
BRDA:8,0,1,0
BRDA:8,1,0,0
BRDA:8,1,1,0
BRDA:11,2,0,0
BRDA:11,2,1,0
BRDA:11,3,0,0
BRDA:11,3,1,0
BRDA:14,4,0,0
BRDA:14,4,1,0
BRDA:14,5,0,0
BRDA:14,5,1,0
BRDA:18,6,0,0
BRDA:18,6,1,0
BRDA:18,7,0,0
BRDA:18,7,1,0
BRDA:18,7,2,0
BRDA:44,8,0,0
BRDA:44,8,1,0
BRDA:51,9,0,0
BRDA:51,9,1,0
BRDA:56,10,0,0
BRDA:56,10,1,0
BRDA:64,11,0,0
BRDA:64,11,1,0
BRDA:86,12,0,0
BRDA:86,12,1,0
BRDA:86,13,0,0
BRDA:86,13,1,0
BRDA:86,13,2,0
BRDA:86,13,3,0
BRDA:95,14,0,0
BRDA:95,14,1,0
BRDA:100,15,0,0
BRDA:100,15,1,0
BRDA:110,16,0,0
BRDA:110,16,1,0
BRDA:110,17,0,0
BRDA:110,17,1,0
BRDA:110,17,2,0
BRDA:137,18,0,0
BRDA:137,18,1,0
BRDA:151,19,0,0
BRDA:151,19,1,0
BRDA:156,20,0,0
BRDA:156,20,1,0
BRF:46
BRH:0
end_of_record
TN:
SF:controllers\user-controller.js
FN:15,(anonymous_0)
FN:57,(anonymous_1)
FN:91,generateAccessToken
FN:102,logout
FNF:4
FNH:0
FNDA:0,(anonymous_0)
FNDA:0,(anonymous_1)
FNDA:0,generateAccessToken
FNDA:0,logout
DA:1,0
DA:2,0
DA:3,0
DA:4,0
DA:5,0
DA:6,0
DA:15,0
DA:16,0
DA:17,0
DA:18,0
DA:19,0
DA:22,0
DA:23,0
DA:25,0
DA:26,0
DA:28,0
DA:29,0
DA:31,0
DA:32,0
DA:35,0
DA:37,0
DA:38,0
DA:44,0
DA:45,0
DA:46,0
DA:48,0
DA:49,0
DA:57,0
DA:58,0
DA:59,0
DA:61,0
DA:62,0
DA:63,0
DA:64,0
DA:65,0
DA:66,0
DA:68,0
DA:70,0
DA:71,0
DA:73,0
DA:76,0
DA:78,0
DA:80,0
DA:81,0
DA:82,0
DA:84,0
DA:86,0
DA:92,0
DA:103,0
DA:105,0
DA:106,0
DA:107,0
DA:110,0
LF:53
LH:0
BRDA:18,0,0,0
BRDA:18,0,1,0
BRDA:18,1,0,0
BRDA:18,1,1,0
BRDA:22,2,0,0
BRDA:22,2,1,0
BRDA:22,3,0,0
BRDA:22,3,1,0
BRDA:22,3,2,0
BRDA:25,4,0,0
BRDA:25,4,1,0
BRDA:25,5,0,0
BRDA:25,5,1,0
BRDA:28,6,0,0
BRDA:28,6,1,0
BRDA:28,7,0,0
BRDA:28,7,1,0
BRDA:32,8,0,0
BRDA:32,8,1,0
BRDA:37,9,0,0
BRDA:37,9,1,0
BRDA:58,10,0,0
BRDA:58,10,1,0
BRDA:58,11,0,0
BRDA:58,11,1,0
BRDA:65,12,0,0
BRDA:65,12,1,0
BRDA:70,13,0,0
BRDA:70,13,1,0
BRF:29
BRH:0
end_of_record
